  Building NVCC (Device) object CMakeFiles/cis565_getting_started.dir/src/Debug/cis565_getting_started_generated_kernel.cu.obj
  -- Removing C:/Users/65717/Desktop/CIS 565/Project0-Getting-Started/build/CMakeFiles/cis565_getting_started.dir/src/Debug/cis565_getting_started_generated_kernel.cu.obj
  C:/Users/65717/Desktop/cmake/cmake-3.24.1-windows-x86_64/bin/cmake.exe -E rm -f "C:/Users/65717/Desktop/CIS 565/Project0-Getting-Started/build/CMakeFiles/cis565_getting_started.dir/src/Debug/cis565_getting_started_generated_kernel.cu.obj"
  -- Generating dependency file: C:/Users/65717/Desktop/CIS 565/Project0-Getting-Started/build/CMakeFiles/cis565_getting_started.dir/src/cis565_getting_started_generated_kernel.cu.obj.NVCC-depend
  "C:/Program Files/NVIDIA GPU Computing Toolkit/CUDA/v11.7/bin/nvcc.exe" -M -D__CUDACC__ "C:/Users/65717/Desktop/CIS 565/Project0-Getting-Started/cuda-getting-started/src/kernel.cu" -o "C:/Users/65717/Desktop/CIS 565/Project0-Getting-Started/build/CMakeFiles/cis565_getting_started.dir/src/cis565_getting_started_generated_kernel.cu.obj.NVCC-depend" -ccbin "C:/Program Files (x86)/Microsoft Visual Studio/2019/Enterprise/VC/Tools/MSVC/14.29.30133/bin/Hostx64/x64/cl.exe" -m64 -DCUDA_COMPUTE_61 -DGLEW_STATIC -Xcompiler ,\"/DWIN32\",\"/D_WINDOWS\",\"/W3\",\"/GR\",\"/EHsc\",\"/MDd\",\"/Zi\",\"/Ob0\",\"/Od\",\"/RTC1\" -gencode arch=compute_61,code=sm_61 -g -G -DNVCC "-IC:/Program Files/NVIDIA GPU Computing Toolkit/CUDA/v11.7/include" "-IC:/Users/65717/Desktop/CIS 565/Project0-Getting-Started/cuda-getting-started/external/include"
  kernel.cu
  -- Generating temporary cmake readable file: C:/Users/65717/Desktop/CIS 565/Project0-Getting-Started/build/CMakeFiles/cis565_getting_started.dir/src/cis565_getting_started_generated_kernel.cu.obj.depend.tmp
  C:/Users/65717/Desktop/cmake/cmake-3.24.1-windows-x86_64/bin/cmake.exe -D "input_file:FILEPATH=C:/Users/65717/Desktop/CIS 565/Project0-Getting-Started/build/CMakeFiles/cis565_getting_started.dir/src/cis565_getting_started_generated_kernel.cu.obj.NVCC-depend" -D "output_file:FILEPATH=C:/Users/65717/Desktop/CIS 565/Project0-Getting-Started/build/CMakeFiles/cis565_getting_started.dir/src/cis565_getting_started_generated_kernel.cu.obj.depend.tmp" -D verbose=ON -P C:/Users/65717/Desktop/cmake/cmake-3.24.1-windows-x86_64/share/cmake-3.24/Modules/FindCUDA/make2cmake.cmake
  -- Copy if different C:/Users/65717/Desktop/CIS 565/Project0-Getting-Started/build/CMakeFiles/cis565_getting_started.dir/src/cis565_getting_started_generated_kernel.cu.obj.depend.tmp to C:/Users/65717/Desktop/CIS 565/Project0-Getting-Started/build/CMakeFiles/cis565_getting_started.dir/src/cis565_getting_started_generated_kernel.cu.obj.depend
  C:/Users/65717/Desktop/cmake/cmake-3.24.1-windows-x86_64/bin/cmake.exe -E copy_if_different "C:/Users/65717/Desktop/CIS 565/Project0-Getting-Started/build/CMakeFiles/cis565_getting_started.dir/src/cis565_getting_started_generated_kernel.cu.obj.depend.tmp" "C:/Users/65717/Desktop/CIS 565/Project0-Getting-Started/build/CMakeFiles/cis565_getting_started.dir/src/cis565_getting_started_generated_kernel.cu.obj.depend"
  -- Removing C:/Users/65717/Desktop/CIS 565/Project0-Getting-Started/build/CMakeFiles/cis565_getting_started.dir/src/cis565_getting_started_generated_kernel.cu.obj.depend.tmp and C:/Users/65717/Desktop/CIS 565/Project0-Getting-Started/build/CMakeFiles/cis565_getting_started.dir/src/cis565_getting_started_generated_kernel.cu.obj.NVCC-depend
  C:/Users/65717/Desktop/cmake/cmake-3.24.1-windows-x86_64/bin/cmake.exe -E rm -f "C:/Users/65717/Desktop/CIS 565/Project0-Getting-Started/build/CMakeFiles/cis565_getting_started.dir/src/cis565_getting_started_generated_kernel.cu.obj.depend.tmp" "C:/Users/65717/Desktop/CIS 565/Project0-Getting-Started/build/CMakeFiles/cis565_getting_started.dir/src/cis565_getting_started_generated_kernel.cu.obj.NVCC-depend"
  -- Generating C:/Users/65717/Desktop/CIS 565/Project0-Getting-Started/build/CMakeFiles/cis565_getting_started.dir/src/Debug/cis565_getting_started_generated_kernel.cu.obj
  "C:/Program Files/NVIDIA GPU Computing Toolkit/CUDA/v11.7/bin/nvcc.exe" "C:/Users/65717/Desktop/CIS 565/Project0-Getting-Started/cuda-getting-started/src/kernel.cu" -c -o "C:/Users/65717/Desktop/CIS 565/Project0-Getting-Started/build/CMakeFiles/cis565_getting_started.dir/src/Debug/cis565_getting_started_generated_kernel.cu.obj" -ccbin "C:/Program Files (x86)/Microsoft Visual Studio/2019/Enterprise/VC/Tools/MSVC/14.29.30133/bin/Hostx64/x64/cl.exe" -m64 -DCUDA_COMPUTE_61 -DGLEW_STATIC -Xcompiler ,\"/DWIN32\",\"/D_WINDOWS\",\"/W3\",\"/GR\",\"/EHsc\",\"/MDd\",\"/Zi\",\"/Ob0\",\"/Od\",\"/RTC1\" -gencode arch=compute_61,code=sm_61 -g -G -DNVCC "-IC:/Program Files/NVIDIA GPU Computing Toolkit/CUDA/v11.7/include" "-IC:/Users/65717/Desktop/CIS 565/Project0-Getting-Started/cuda-getting-started/external/include"
  kernel.cu
C:\Users\65717\Desktop\CIS 565\Project0-Getting-Started\cuda-getting-started\src\kernel.cu(105): warning C4996: 'cudaThreadSynchronize': 琚０鏄庝负宸插惁鍐?
  Generated C:/Users/65717/Desktop/CIS 565/Project0-Getting-Started/build/CMakeFiles/cis565_getting_started.dir/src/Debug/cis565_getting_started_generated_kernel.cu.obj successfully.
  Building Custom Rule C:/Users/65717/Desktop/CIS 565/Project0-Getting-Started/cuda-getting-started/CMakeLists.txt
  main.cpp
C:\Users\65717\Desktop\CIS 565\Project0-Getting-Started\cuda-getting-started\src\main.cpp(94,9): warning C4996: 'cudaGLRegisterBufferObject': 被声明为已否决
C:\Users\65717\Desktop\CIS 565\Project0-Getting-Started\cuda-getting-started\src\main.cpp(135,5): warning C4996: 'cudaGLSetGLDevice': 被声明为已否决
C:\Users\65717\Desktop\CIS 565\Project0-Getting-Started\cuda-getting-started\src\main.cpp(169,5): warning C4996: 'cudaGLMapBufferObject': 被声明为已否决
C:\Users\65717\Desktop\CIS 565\Project0-Getting-Started\cuda-getting-started\src\main.cpp(175,5): warning C4996: 'cudaGLUnmapBufferObject': 被声明为已否决
C:\Users\65717\Desktop\CIS 565\Project0-Getting-Started\cuda-getting-started\src\main.cpp(224,9): warning C4996: 'cudaGLUnregisterBufferObject': 被声明为已否决
  cis565_getting_started.vcxproj -> C:\Users\65717\Desktop\CIS 565\Project0-Getting-Started\build\bin\Debug\cis565_getting_started.exe
