c:\dongying\project0-getting-started\build\lib\debug\cis565_getting_started.lib
c:\dongying\project0-getting-started\build\lib\debug\cis565_getting_started.exp
c:\dongying\project0-getting-started\build\cis565_getting_started.dir\debug\vc142.pdb
c:\dongying\project0-getting-started\build\cis565_getting_started.dir\debug\main.obj
c:\dongying\project0-getting-started\build\cis565_getting_started.dir\debug\glslutility.obj
c:\dongying\project0-getting-started\build\cmakefiles\cis565_getting_started.dir\src\debug\cis565_getting_started_generated_kernel.cu.obj
c:\dongying\project0-getting-started\build\cmakefiles\generate.stamp
c:\dongying\project0-getting-started\build\cis565_getting_started.dir\debug\cis565_getting_started.ilk
c:\dongying\project0-getting-started\build\bin\debug\cis565_getting_started.exe
c:\dongying\project0-getting-started\build\bin\debug\cis565_getting_started.pdb
c:\dongying\project0-getting-started\build\cis565_getting_started.dir\debug\cis565_g.39b4ab49.tlog\cis565_getting_started.write.1u.tlog
c:\dongying\project0-getting-started\build\cis565_getting_started.dir\debug\cis565_g.39b4ab49.tlog\cl.command.1.tlog
c:\dongying\project0-getting-started\build\cis565_getting_started.dir\debug\cis565_g.39b4ab49.tlog\cl.read.1.tlog
c:\dongying\project0-getting-started\build\cis565_getting_started.dir\debug\cis565_g.39b4ab49.tlog\cl.write.1.tlog
c:\dongying\project0-getting-started\build\cis565_getting_started.dir\debug\cis565_g.39b4ab49.tlog\custombuild.command.1.tlog
c:\dongying\project0-getting-started\build\cis565_getting_started.dir\debug\cis565_g.39b4ab49.tlog\custombuild.read.1.tlog
c:\dongying\project0-getting-started\build\cis565_getting_started.dir\debug\cis565_g.39b4ab49.tlog\custombuild.write.1.tlog
c:\dongying\project0-getting-started\build\cis565_getting_started.dir\debug\cis565_g.39b4ab49.tlog\link.command.1.tlog
c:\dongying\project0-getting-started\build\cis565_getting_started.dir\debug\cis565_g.39b4ab49.tlog\link.read.1.tlog
c:\dongying\project0-getting-started\build\cis565_getting_started.dir\debug\cis565_g.39b4ab49.tlog\link.write.1.tlog
